
> front-morpheo@0.1.0 build-storybook
> storybook build --output-dir /tmp/chromatic--39857-NZ0puj9N0Dpf

@storybook/cli v7.6.12

info => Cleaning outputDir: /tmp/chromatic--39857-NZ0puj9N0Dpf
info => Loading presets
info => Building manager..
info => Manager built (352 ms)
info => Building preview..
info => Copying static files: /home/mob/proyectos/front-morpheo/node_modules/@storybook/manager/static at /tmp/chromatic--39857-NZ0puj9N0Dpf/sb-common-assets
info Using Babel compiler
info Addon-docs: using MDX2
info => Using implicit CSS loaders
info => Using default Webpack5 setup
info => Copying static files: /home/mob/proyectos/front-morpheo/public at /tmp/chromatic--39857-NZ0puj9N0Dpf/
WARN export 'Footer' (imported as 'Foo') was not found in './Footer.tsx' (possible exports: default)
WARN export 'Header' (imported as 'Head') was not found in './Header.tsx' (possible exports: default)
WARN asset size limit: The following asset(s) exceed the recommended size limit (244 KiB).
WARN This can impact web performance.
WARN Assets: 
WARN   static/media/board.bd7b53a1.jpg (452 KiB)
WARN   static/media/history.a1029fd4.jpg (508 KiB)
WARN   875.e76d5f96.iframe.bundle.js (628 KiB)
WARN   728.cb09a03c.iframe.bundle.js (583 KiB)
WARN   719.36f9d840.iframe.bundle.js (716 KiB)
WARN   759.2533e64d.iframe.bundle.js (1.04 MiB)
WARN entrypoint size limit: The following entrypoint(s) combined asset size exceeds the recommended limit (244 KiB). This can impact web performance.
WARN Entrypoints:
WARN   main (1.13 MiB)
WARN       runtime~main.7e4e9673.iframe.bundle.js
WARN       759.2533e64d.iframe.bundle.js
WARN       main.d50e772e.iframe.bundle.js
WARN 
info => Preview built (59 s)
info => Output directory: /tmp/chromatic--39857-NZ0puj9N0Dpf
